<?xml version="1.0" encoding="utf-8"?><testsuites name="pytest tests"><testsuite name="pytest" errors="0" failures="0" skipped="0" tests="15" time="25.503" timestamp="2026-05-22T17:06:52.087499+00:00" hostname="agent-env-3aa090b6-21e3-4bcb-91a8-d90fa7eceeb4"><testcase classname="backend.tests.test_ai_draft.TestAuth" name="test_missing_token_returns_401" time="0.366" /><testcase classname="backend.tests.test_ai_draft.TestAuth" name="test_wrong_token_returns_401" time="0.142" /><testcase classname="backend.tests.test_ai_draft.TestAuth" name="test_nonexistent_lead_returns_404" time="0.127" /><testcase classname="backend.tests.test_ai_draft.TestDraftSchema" name="test_intro_is_string" time="24.765" /><testcase classname="backend.tests.test_ai_draft.TestDraftSchema" name="test_needs_is_string_list" time="0.000" /><testcase classname="backend.tests.test_ai_draft.TestDraftSchema" name="test_zones_structure" time="0.000" /><testcase classname="backend.tests.test_ai_draft.TestDraftSchema" name="test_wall_color_fields" time="0.000" /><testcase classname="backend.tests.test_ai_draft.TestDraftSchema" name="test_wall_color_hex_is_valid" time="0.000" /><testcase classname="backend.tests.test_ai_draft.TestDraftSchema" name="test_shopping_list_structure" time="0.000" /><testcase classname="backend.tests.test_ai_draft.TestDraftSchema" name="test_budget_note_string" time="0.000" /><testcase classname="backend.tests.test_ai_draft.TestDraftSchema" name="test_strategy_list" time="0.000" /><testcase classname="backend.tests.test_ai_draft.TestDraftSchema" name="test_action_plan_list" time="0.000" /><testcase classname="backend.tests.test_ai_draft.TestDraftSchema" name="test_benefits_list" time="0.000" /><testcase classname="backend.tests.test_ai_draft.TestDraftSchema" name="test_notes_summary_attachment" time="0.000" /><testcase classname="backend.tests.test_ai_draft.TestSemanticRelevance" name="test_content_reflects_questionnaire" time="0.000" /></testsuite></testsuites>