<?xml version="1.0" encoding="utf-8"?><testsuites name="pytest tests"><testsuite name="pytest" errors="0" failures="0" skipped="0" tests="10" time="39.045" timestamp="2026-06-15T00:41:24.258445+00:00" hostname="agent-env-6e9b9988-8f96-4a74-b9e8-8adaf35d9440"><testcase classname="backend.tests.test_iter3_budget_pdf_email.TestBudgetSubmission" name="test_plus_submission_accepts_budget" time="23.893" /><testcase classname="backend.tests.test_iter3_budget_pdf_email.TestBudgetSubmission" name="test_pdf_reflects_budget_and_respects_cap" time="0.202" /><testcase classname="backend.tests.test_iter3_budget_pdf_email.TestPdfDirectRender" name="test_render_portrait_multipage_with_photos" time="2.459" /><testcase classname="backend.tests.test_iter3_budget_pdf_email.TestEmailAttachments" name="test_plus_admin_email_includes_pdf_and_three_pngs" time="0.298" /><testcase classname="backend.tests.test_iter3_budget_pdf_email.TestEmailAttachments" name="test_plus_customer_email_includes_pdf_and_three_pngs" time="0.000" /><testcase classname="backend.tests.test_iter3_budget_pdf_email.TestEmailAttachments" name="test_free_admin_email_has_only_pngs_no_pdf" time="0.000" /><testcase classname="backend.tests.test_iter3_budget_pdf_email.TestRegression" name="test_plans_unchanged" time="0.145" /><testcase classname="backend.tests.test_iter3_budget_pdf_email.TestRegression" name="test_checkout_plus" time="0.625" /><testcase classname="backend.tests.test_iter3_budget_pdf_email.TestRegression" name="test_free_pdf_endpoint_402" time="11.163" /><testcase classname="backend.tests.test_iter3_budget_pdf_email.TestRegression" name="test_pdf_404_for_missing" time="0.126" /></testsuite></testsuites>