<?xml version="1.0" encoding="utf-8"?><testsuites name="pytest tests"><testsuite name="pytest" errors="0" failures="0" skipped="0" tests="13" time="41.583" timestamp="2026-06-20T11:42:39.757441+00:00" hostname="agent-env-6e9b9988-8f96-4a74-b9e8-8adaf35d9440"><testcase classname="backend.tests.test_iter4_gpt_image.TestRegression" name="test_plans_endpoint" time="0.164" /><testcase classname="backend.tests.test_iter4_gpt_image.TestRegression" name="test_checkout_session_plus" time="0.588" /><testcase classname="backend.tests.test_iter4_gpt_image.TestRegression" name="test_checkout_session_premium" time="0.502" /><testcase classname="backend.tests.test_iter4_gpt_image.TestRegression" name="test_checkout_rejects_free" time="0.087" /><testcase classname="backend.tests.test_iter4_gpt_image.TestRegression" name="test_pdf_404_for_unknown" time="0.198" /><testcase classname="backend.tests.test_iter4_gpt_image.TestImageGeneration" name="test_submission_returns_200_with_results" time="19.931" /><testcase classname="backend.tests.test_iter4_gpt_image.TestImageGeneration" name="test_after_image_non_empty_base64" time="0.003" /><testcase classname="backend.tests.test_iter4_gpt_image.TestImageGeneration" name="test_before_preserved" time="0.000" /><testcase classname="backend.tests.test_iter4_gpt_image.TestImageGeneration" name="test_result_persisted_via_get" time="0.313" /><testcase classname="backend.tests.test_iter4_gpt_image.TestImageGeneration" name="test_free_plan_no_pdf" time="0.115" /><testcase classname="backend.tests.test_iter4_gpt_image.TestRobustness" name="test_malformed_image_no_crash" time="19.284" /><testcase classname="backend.tests.test_iter4_gpt_image.TestRobustness" name="test_empty_photos_rejected" time="0.176" /><testcase classname="backend.tests.test_iter4_gpt_image.TestRobustness" name="test_too_many_photos_rejected" time="0.132" /></testsuite></testsuites>