<?xml version="1.0" encoding="utf-8"?><testsuites name="pytest tests"><testsuite name="pytest" errors="0" failures="0" skipped="0" tests="7" time="29.533" timestamp="2026-06-14T14:46:30.608917+00:00" hostname="agent-env-6e9b9988-8f96-4a74-b9e8-8adaf35d9440"><testcase classname="backend.tests.test_pdf_flow.TestFreePlanNoPdf" name="test_free_submission_pdf_available_is_false" time="11.320" /><testcase classname="backend.tests.test_pdf_flow.TestFreePlanNoPdf" name="test_free_pdf_endpoint_returns_402" time="0.159" /><testcase classname="backend.tests.test_pdf_flow.TestPlusPlanRequiresPayment" name="test_plus_without_session_id_returns_402" time="0.104" /><testcase classname="backend.tests.test_pdf_flow.TestPlusPaidPdf" name="test_seed_paid_session" time="0.031" /><testcase classname="backend.tests.test_pdf_flow.TestPlusPaidPdf" name="test_plus_submission_with_paid_session_generates_pdf" time="17.508" /><testcase classname="backend.tests.test_pdf_flow.TestPlusPaidPdf" name="test_paid_pdf_endpoint_returns_pdf_with_proper_filename" time="0.165" /><testcase classname="backend.tests.test_pdf_flow.TestPdfEdgeCases" name="test_pdf_endpoint_404_for_missing" time="0.100" /></testsuite></testsuites>