<?xml version="1.0" encoding="utf-8"?><testsuites name="pytest tests"><testsuite name="pytest" errors="0" failures="0" skipped="0" tests="12" time="60.733" timestamp="2026-06-20T16:59:59.371596+00:00" hostname="agent-env-6e9b9988-8f96-4a74-b9e8-8adaf35d9440"><testcase classname="backend.tests.test_iter5_async_submissions.TestPostReturnsFast" name="test_free_post_returns_immediately" time="0.245" /><testcase classname="backend.tests.test_iter5_async_submissions.TestPollingLifecycle" name="test_status_transitions_to_completed" time="58.175" /><testcase classname="backend.tests.test_iter5_async_submissions.TestPollingLifecycle" name="test_completed_has_non_empty_after" time="0.004" /><testcase classname="backend.tests.test_iter5_async_submissions.TestPollingLifecycle" name="test_pdf_available_flag_and_download" time="0.209" /><testcase classname="backend.tests.test_iter5_async_submissions.TestNotFound" name="test_unknown_submission_returns_404" time="0.102" /><testcase classname="backend.tests.test_iter5_async_submissions.TestNotFound" name="test_unknown_submission_pdf_404" time="0.354" /><testcase classname="backend.tests.test_iter5_async_submissions.TestRegression" name="test_plans" time="0.107" /><testcase classname="backend.tests.test_iter5_async_submissions.TestRegression" name="test_checkout_plus" time="0.652" /><testcase classname="backend.tests.test_iter5_async_submissions.TestRegression" name="test_checkout_premium" time="0.466" /><testcase classname="backend.tests.test_iter5_async_submissions.TestRegression" name="test_checkout_rejects_free" time="0.113" /><testcase classname="backend.tests.test_iter5_async_submissions.TestRegression" name="test_empty_photos_rejected" time="0.095" /><testcase classname="backend.tests.test_iter5_async_submissions.TestRegression" name="test_too_many_photos_rejected" time="0.121" /></testsuite></testsuites>