<?xml version="1.0" encoding="utf-8"?><testsuites name="pytest tests"><testsuite name="pytest" errors="0" failures="0" skipped="0" tests="16" time="3.683" timestamp="2026-06-28T14:30:31.190077+00:00" hostname="agent-env-6e9b9988-8f96-4a74-b9e8-8adaf35d9440"><testcase classname="backend.tests.test_iter6_auth_paywall.TestAuthMe" name="test_me_unauth_returns_401" time="0.247" /><testcase classname="backend.tests.test_iter6_auth_paywall.TestAuthMe" name="test_me_with_bearer_returns_user" time="0.148" /><testcase classname="backend.tests.test_iter6_auth_paywall.TestAuthMe" name="test_me_existing_user_cap_consumed" time="0.105" /><testcase classname="backend.tests.test_iter6_auth_paywall.TestSubmissionsList" name="test_list_unauth_401" time="0.120" /><testcase classname="backend.tests.test_iter6_auth_paywall.TestSubmissionsList" name="test_list_authed_returns_items" time="0.104" /><testcase classname="backend.tests.test_iter6_auth_paywall.TestFreeCap" name="test_third_free_returns_402_for_capped_user" time="0.154" /><testcase classname="backend.tests.test_iter6_auth_paywall.TestFreeCap" name="test_unauth_submission_returns_401" time="0.102" /><testcase classname="backend.tests.test_iter6_auth_paywall.TestPlusCheckoutFirst" name="test_post_plus_returns_awaiting_payment_and_checkout_url" time="1.368" /><testcase classname="backend.tests.test_iter6_auth_paywall.TestConfirmPayment" name="test_confirm_unauth_401" time="0.113" /><testcase classname="backend.tests.test_iter6_auth_paywall.TestConfirmPayment" name="test_confirm_unknown_id_404" time="0.108" /><testcase classname="backend.tests.test_iter6_auth_paywall.TestConfirmPayment" name="test_confirm_someone_elses_returns_403" time="0.109" /><testcase classname="backend.tests.test_iter6_auth_paywall.TestConfirmPayment" name="test_confirm_owner_unpaid_returns_402" time="0.393" /><testcase classname="backend.tests.test_iter6_auth_paywall.TestOwnership" name="test_get_unauth_public_ok" time="0.143" /><testcase classname="backend.tests.test_iter6_auth_paywall.TestOwnership" name="test_get_owner_ok" time="0.099" /><testcase classname="backend.tests.test_iter6_auth_paywall.TestOwnership" name="test_get_other_user_returns_403" time="0.102" /><testcase classname="backend.tests.test_iter6_auth_paywall.TestFreshUserFreeSubmit" name="test_fresh_user_can_post_free" time="0.101" /></testsuite></testsuites>