<?xml version="1.0" encoding="utf-8"?><testsuites name="pytest tests"><testsuite name="pytest" errors="0" failures="0" skipped="0" tests="14" time="14.294" timestamp="2026-06-14T14:47:06.077756+00:00" hostname="agent-env-6e9b9988-8f96-4a74-b9e8-8adaf35d9440"><testcase classname="backend.tests.test_flowspace_api.TestPlans" name="test_get_plans_returns_three_plans" time="0.150" /><testcase classname="backend.tests.test_flowspace_api.TestCheckout" name="test_checkout_session_for_plus" time="0.527" /><testcase classname="backend.tests.test_flowspace_api.TestCheckout" name="test_checkout_session_for_premium" time="0.395" /><testcase classname="backend.tests.test_flowspace_api.TestCheckout" name="test_checkout_session_rejects_free" time="0.092" /><testcase classname="backend.tests.test_flowspace_api.TestCheckout" name="test_checkout_session_rejects_invalid" time="0.093" /><testcase classname="backend.tests.test_flowspace_api.TestCheckout" name="test_checkout_status_returns_open" time="0.741" /><testcase classname="backend.tests.test_flowspace_api.TestSubmissions" name="test_free_submission_creates_results" time="11.007" /><testcase classname="backend.tests.test_flowspace_api.TestSubmissions" name="test_get_submission_by_id" time="0.200" /><testcase classname="backend.tests.test_flowspace_api.TestSubmissions" name="test_get_submission_not_found" time="0.129" /><testcase classname="backend.tests.test_flowspace_api.TestSubmissions" name="test_paid_plan_rejected_without_session" time="0.095" /><testcase classname="backend.tests.test_flowspace_api.TestSubmissions" name="test_paid_plan_rejected_with_unpaid_session" time="0.509" /><testcase classname="backend.tests.test_flowspace_api.TestSubmissions" name="test_photo_limit_enforced" time="0.102" /><testcase classname="backend.tests.test_flowspace_api.TestSubmissions" name="test_invalid_plan_rejected" time="0.091" /><testcase classname="backend.tests.test_flowspace_api.TestSubmissions" name="test_empty_photos_rejected" time="0.092" /></testsuite></testsuites>