<?xml version="1.0" encoding="utf-8"?><testsuites name="pytest tests"><testsuite name="pytest" errors="0" failures="0" skipped="0" tests="7" time="1.831" timestamp="2026-05-22T15:24:03.418959+00:00" hostname="agent-env-3aa090b6-21e3-4bcb-91a8-d90fa7eceeb4"><testcase classname="backend.tests.test_questionnaire_uploads.TestPhotoUpload" name="test_upload_valid_image" time="0.292" /><testcase classname="backend.tests.test_questionnaire_uploads.TestPhotoUpload" name="test_reject_non_image" time="0.060" /><testcase classname="backend.tests.test_questionnaire_uploads.TestPhotoUpload" name="test_reject_too_large" time="0.771" /><testcase classname="backend.tests.test_questionnaire_uploads.TestPhotoUpload" name="test_get_invalid_id" time="0.133" /><testcase classname="backend.tests.test_questionnaire_uploads.TestLeadsQuestionnaire" name="test_create_lead_with_all_questionnaire_fields" time="0.144" /><testcase classname="backend.tests.test_questionnaire_uploads.TestLeadsQuestionnaire" name="test_admin_leads_returns_new_fields" time="0.066" /><testcase classname="backend.tests.test_questionnaire_uploads.TestLeadsQuestionnaire" name="test_admin_leads_requires_auth" time="0.117" /></testsuite></testsuites>