<?xml version="1.0" encoding="utf-8"?><testsuites name="pytest tests"><testsuite name="pytest" errors="0" failures="0" skipped="0" tests="11" time="3.349" timestamp="2026-05-22T16:46:38.841943+00:00" hostname="agent-env-3aa090b6-21e3-4bcb-91a8-d90fa7eceeb4"><testcase classname="backend.tests.test_deliverable_pdf.TestDeliverableAuth" name="test_get_requires_auth" time="0.284" /><testcase classname="backend.tests.test_deliverable_pdf.TestDeliverableAuth" name="test_put_requires_auth" time="0.134" /><testcase classname="backend.tests.test_deliverable_pdf.TestDeliverableAuth" name="test_pdf_requires_auth" time="0.147" /><testcase classname="backend.tests.test_deliverable_pdf.TestGetDeliverable" name="test_get_existing_lead_no_deliverable" time="0.274" /><testcase classname="backend.tests.test_deliverable_pdf.TestGetDeliverable" name="test_get_nonexistent_lead_returns_404" time="0.134" /><testcase classname="backend.tests.test_deliverable_pdf.TestPutDeliverableIdempotent" name="test_put_creates_then_updates_idempotent" time="0.578" /><testcase classname="backend.tests.test_deliverable_pdf.TestPutDeliverableIdempotent" name="test_put_nonexistent_lead_404" time="0.154" /><testcase classname="backend.tests.test_deliverable_pdf.TestPdfGeneration" name="test_pdf_with_customer_photo" time="0.302" /><testcase classname="backend.tests.test_deliverable_pdf.TestPdfGeneration" name="test_pdf_without_customer_photos" time="0.299" /><testcase classname="backend.tests.test_deliverable_pdf.TestPdfGeneration" name="test_pdf_with_relative_gridfs_url" time="0.558" /><testcase classname="backend.tests.test_deliverable_pdf.TestPdfGeneration" name="test_pdf_with_invalid_image_url_graceful" time="0.377" /></testsuite></testsuites>